Microsoft (R) Macro Assembler Version 5.00                  4/27/26 09:34:00
                                                             Page     1-1


				; ињЩжШѓеОЯеІЛжЬЙ bug зЪДзЙИжЬђ 
 0000				data segment 
 0000  44 45 43 3D 24		  info db 'DEC=$' 
 0005  00			  num db 0 
 0006  00			  i db 0 
 0007  0005[			  hex db 5 dup(0) 
	   00			
			 ]	
				
 000C  48 45 58 3D 24		  info1 db 'HEX=$' 
 0011				data ends 
 0000				code segment 
				  assume cs:code, ds:data 
 0000				start: 
 0000  B8 ---- R		  mov ax, data 
 0003  8E D8			  mov ds, ax 
				 
 0005  BA 0000 R		  mov dx, offset info 
 0008  B4 09			  mov ah, 09h 
 000A  CD 21			  int 21h 
 000C				let1: 
 000C  B4 01			  mov ah, 1 
 000E  CD 21			  int 21h 
 0010  3C 0D			  cmp al, 0dh 
 0012  74 14			  jz let0 
 0014  2C 30			  sub al, 30h 
 0016  50			  push ax 
 0017  A0 0005 R		  mov al, num 
 001A  B3 0A			  mov bl, 10 
 001C  F6 E3			  mul bl 
 001E  A2 0005 R		  mov num, al 
 0021  58			  pop ax 
 0022  00 06 0005 R		  add num, al 
 0026  EB E4			  jmp let1 
				 
 0028				let0: 
 0028  A0 0005 R		  mov al, num 
 002B  B4 00			  mov ah, 0 
 002D				let2: 
 002D  B3 10			  mov bl, 16 
 002F  F6 F3			  div bl 
 0031  80 FC 09			  cmp ah, 9 
 0034  77 06			  ja let3 
 0036  80 C4 30			  add ah, 30h 
 0039  EB 04 90			  jmp let4 
				 
 003C				let3: 
 003C  80 C4 37			  add ah, 37h 
 003F				let4: 
 003F  BA 000C R		  mov dx, offset info1 
 0042  B4 09			  mov ah, 09h 
 0044  CD 21			  int 21h           ; <-- BUG: жѓПжђ°еЊ™зОѓйГљж
				ЙУеН∞ "HEX=" 
 0046  8A 1E 0006 R		  mov bl, i 
Microsoft (R) Macro Assembler Version 5.00                  4/27/26 09:34:00
                                                             Page     1-2


 004A  B7 00			  mov bh, 0 
 004C  88 A7 0007 R		  mov hex[bx], ah   ; <-- BUG: AH=09hпЉИиҐЂдЄКд
				ЄАи°Ми¶ЖзЫЦдЇЖпЉЙпЉМдЄНжШѓ hex е≠Чзђ¶ 
 0050  FE 06 0006 R		  inc byte ptr i 
 0054  B4 00			  mov ah, 0 
 0056  3C 00			  cmp al, 0 
 0058  75 D3			  jnz let2 
 005A				let6: 
 005A  80 3E 0006 R 00		  cmp byte ptr i, 0 
 005F  76 14			  jbe let5 
 0061  FE 0E 0006 R		  dec byte ptr i 
 0065  8A 1E 0006 R		  mov bl, i 
 0069  B7 00			  mov bh, 0 
 006B  8A 97 0007 R		  mov dl, hex[bx] 
 006F  B4 02			  mov ah, 02h 
 0071  CD 21			  int 21h 
 0073  EB E5			  jmp let6 
 0075				let5: 
 0075  B4 4C			  mov ah, 4ch 
 0077  CD 21			  int 21h 
 0079				code ends 
				end start 
Microsoft (R) Macro Assembler Version 5.00                  4/27/26 09:34:00
                                                             Symbols-1


Segments and Groups:

                N a m e         	Length	 Align	Combine Class

CODE . . . . . . . . . . . . . .  	0079	PARA	NONE	
DATA . . . . . . . . . . . . . .  	0011	PARA	NONE	

Symbols:            

                N a m e         	Type	 Value	 Attr

HEX  . . . . . . . . . . . . . .  	L BYTE	0007	DATA	Length = 0005

I  . . . . . . . . . . . . . . .  	L BYTE	0006	DATA
INFO . . . . . . . . . . . . . .  	L BYTE	0000	DATA
INFO1  . . . . . . . . . . . . .  	L BYTE	000C	DATA

LET0 . . . . . . . . . . . . . .  	L NEAR	0028	CODE
LET1 . . . . . . . . . . . . . .  	L NEAR	000C	CODE
LET2 . . . . . . . . . . . . . .  	L NEAR	002D	CODE
LET3 . . . . . . . . . . . . . .  	L NEAR	003C	CODE
LET4 . . . . . . . . . . . . . .  	L NEAR	003F	CODE
LET5 . . . . . . . . . . . . . .  	L NEAR	0075	CODE
LET6 . . . . . . . . . . . . . .  	L NEAR	005A	CODE

NUM  . . . . . . . . . . . . . .  	L BYTE	0005	DATA

START  . . . . . . . . . . . . .  	L NEAR	0000	CODE

@FILENAME  . . . . . . . . . . .  	TEXT  bug		


     71 Source  Lines
     71 Total   Lines
     17 Symbols

  51074 + 465470 Bytes symbol space free

      0 Warning Errors
      0 Severe  Errors
