Microsoft (R) Macro Assembler Version 5.00                  4/16/26 28:08:44
                                                             Page     1-1


 0000				data segment 
 0000  69 6E 70 75 74 20 63	info1 db 'input class id:$' 
       6C 61 73 73 20 69 64	
       3A 24			
 0010  0D 0A 69 6E 70 75 74	info2 db 0dh, 0ah, 'input student id:$' 
       20 73 74 75 64 65 6E	
       74 20 69 64 3A 24	
 0024  0064 0062 0062 0061	score dw 100, 98, 98, 97, 95 
       005F			
 002E  0064 0062 0060 005F	      dw 100, 98, 96, 95, 95 
       005F			
 0038  05			sn db 5 
				 
 0039				data ends 
				; жҹҘжүҫеҮәжқҘзҡ„жҲҗз»©ж”ҫеҲ°axйҮҢйқў 
				 
 0000				code segment 
				assume cs:code, ds:data 
 0000				start: 
 0000  B8 ---- R		  mov ax, data 
 0003  8E D8			  mov ds, ax 
				 
				  ; еҹәеқҖеҸҳеқҖеҜ»еқҖ  
 0005  BA 0000 R		  mov dx, offset info1 
 0008  B4 09			  mov ah, 9h 
 000A  CD 21			  int 21h 
				   
 000C  B4 01			  mov ah, 1h 
 000E  CD 21			  int 21h ; иҫ“е…ҘзҸӯзә§еҸ· 
 0010  2C 30			  sub al, 30h 
 0012  FE C8			  dec al 
 0014  8A 0E 0038 R		  mov cl, sn 
 0018  F6 E1			  mul cl ; al = (class_id - 1) * 5 
 001A  B1 02			  mov cl, 2 
 001C  F6 E1			  mul cl ; al=(class_id - 1)*5*2 жҲ‘еүҚйқўзҸӯзә
				§зҡ„еӯҰз”ҹеңЁеҶ…еӯҳдёӯеҚ з”Ёзҡ„еӯ—иҠӮдёӘж•° 
 001E  8B D8			  mov bx, ax 
 0020  BA 0024 R		  mov dx, offset score 
 0023  03 DA			  add bx, dx  
				 
 0025  BA 0010 R		  mov dx, offset info2 
 0028  B4 09			  mov ah, 9h 
 002A  CD 21			  int 21h 
				   
 002C  B4 01			  mov ah, 1h 
 002E  CD 21			  int 21h 
 0030  2C 30			  sub al, 30h 
 0032  FE C8			  dec al 
 0034  B1 02			  mov cl, 2 
 0036  F6 E1			  mul cl ; ax=(student_id-1)*2 жҲ‘зҸӯзә§дёӯеүҚй
				қўеӯҰз”ҹеңЁеҶ…еӯҳдёӯеҚ з”Ёзҡ„еӯ—иҠӮж•° 
 0038  33 F6			  xor si, si 
 003A  03 F0			  add si, ax 
				 
Microsoft (R) Macro Assembler Version 5.00                  4/16/26 28:08:44
                                                             Page     1-2


 003C  8B 00			  mov ax, [bx][si] 
				 
				 
 003E  B4 4C			  mov ah, 4ch 
 0040  CD 21			  int 21h 
				 
 0042				code ends 
				end start 
Microsoft (R) Macro Assembler Version 5.00                  4/16/26 28:08:44
                                                             Symbols-1


Segments and Groups:

                N a m e         	Length	 Align	Combine Class

CODE . . . . . . . . . . . . . .  	0042	PARA	NONE	
DATA . . . . . . . . . . . . . .  	0039	PARA	NONE	

Symbols:            

                N a m e         	Type	 Value	 Attr

INFO1  . . . . . . . . . . . . .  	L BYTE	0000	DATA
INFO2  . . . . . . . . . . . . .  	L BYTE	0010	DATA

SCORE  . . . . . . . . . . . . .  	L WORD	0024	DATA
SN . . . . . . . . . . . . . . .  	L BYTE	0038	DATA
START  . . . . . . . . . . . . .  	L NEAR	0000	CODE

@FILENAME  . . . . . . . . . . .  	TEXT  4_2_2		


     54 Source  Lines
     54 Total   Lines
      9 Symbols

  51062 + 465482 Bytes symbol space free

      0 Warning Errors
      0 Severe  Errors
